<?xml version="1.0" encoding="UTF-8"?>
<!-- Generated by org.testng.reporters.JUnitXMLReporter -->
<testsuite hostname="diuttm-w7" name="Default test" tests="3" failures="0" timestamp="22 Mar 2016 07:40:14 GMT" time="35.064" errors="0">
  <testcase name="TC04" time="18.573" classname="com.vsii.tsc.guru.testcase.ComposeISMS"/>
  <testcase name="TC05" time="1.524" classname="com.vsii.tsc.guru.testcase.ComposeISMS"/>
  <testcase name="TC06" time="14.405" classname="com.vsii.tsc.guru.testcase.ComposeISMS"/>
</testsuite> <!-- Default test -->
