<?xml version="1.0" encoding="UTF-8"?>
<!-- Generated by org.testng.reporters.JUnitXMLReporter -->
<testsuite hostname="diuttm-w7" name="IMSM" tests="3" failures="0" timestamp="23 Mar 2016 04:34:07 GMT" time="54.696" errors="0">
  <testcase name="TC01" time="0.28" classname="com.vsii.tsc.guru.testcase.Home"/>
  <testcase name="TC03" time="16.577" classname="com.vsii.tsc.guru.testcase.Home"/>
  <testcase name="TC02" time="25.278" classname="com.vsii.tsc.guru.testcase.Home"/>
</testsuite> <!-- IMSM -->
