<?xml version="1.0" encoding="UTF-8"?>
<!-- Generated by org.testng.reporters.JUnitXMLReporter -->
<testsuite hostname="diuttm-w7" name="IMSM" tests="3" failures="0" timestamp="21 Mar 2016 08:02:16 GMT" time="49.054" errors="0">
  <testcase name="TC01" time="1.457" classname="com.vsii.tsc.guru.testcase.Home"/>
  <testcase name="TC03" time="16.421" classname="com.vsii.tsc.guru.testcase.Home"/>
  <testcase name="TC02" time="17.175" classname="com.vsii.tsc.guru.testcase.Home"/>
</testsuite> <!-- IMSM -->
