<?xml version="1.0" encoding="UTF-8"?>
<!-- Generated by org.testng.reporters.JUnitXMLReporter -->
<testsuite hostname="diuttm-w7" name="ISMS" tests="3" failures="0" timestamp="21 Mar 2016 07:10:23 GMT" time="47.911" errors="0">
  <testcase name="TC01" time="0.224" classname="com.vsii.tsc.guru.testcase.Home"/>
  <testcase name="TC03" time="17.103" classname="com.vsii.tsc.guru.testcase.Home"/>
  <testcase name="TC02" time="20.182" classname="com.vsii.tsc.guru.testcase.Home"/>
</testsuite> <!-- ISMS -->
