<?xml version="1.0" encoding="UTF-8"?>
<!-- Generated by org.testng.reporters.JUnitXMLReporter -->
<testsuite hostname="diuttm-w7" name="Login" tests="3" failures="0" timestamp="21 Mar 2016 07:21:04 GMT" time="48.546" errors="0">
  <testcase name="TC01" time="1.311" classname="com.vsii.tsc.guru.testcase.Home"/>
  <testcase name="TC03" time="18.172" classname="com.vsii.tsc.guru.testcase.Home"/>
  <testcase name="TC02" time="18.813" classname="com.vsii.tsc.guru.testcase.Home"/>
</testsuite> <!-- Login -->
