<?xml version="1.0" encoding="UTF-8"?>
<testng-results skipped="0" failed="0" total="1" passed="1">
  <reporter-output>
  </reporter-output>
  <suite name="Default suite" duration-ms="16680" started-at="2016-03-21T09:05:59Z" finished-at="2016-03-21T09:06:15Z">
    <groups>
    </groups>
    <test name="Default test" duration-ms="16680" started-at="2016-03-21T09:05:59Z" finished-at="2016-03-21T09:06:15Z">
      <class name="com.vsii.tsc.guru.testcase.ComposeISMS">
        <test-method status="PASS" signature="setupSuite()[pri:0, instance:com.vsii.tsc.guru.testcase.ComposeISMS@1b64c45]" name="setupSuite" is-config="true" duration-ms="10303" started-at="2016-03-21T16:05:48Z" finished-at="2016-03-21T16:05:59Z">
          <reporter-output>
          </reporter-output>
        </test-method> <!-- setupSuite -->
        <test-method status="PASS" signature="setupClass()[pri:0, instance:com.vsii.tsc.guru.testcase.ComposeISMS@1b64c45]" name="setupClass" is-config="true" duration-ms="42" started-at="2016-03-21T16:05:59Z" finished-at="2016-03-21T16:05:59Z">
          <reporter-output>
          </reporter-output>
        </test-method> <!-- setupClass -->
        <test-method status="PASS" signature="TC05()[pri:0, instance:com.vsii.tsc.guru.testcase.ComposeISMS@1b64c45]" name="TC05" duration-ms="16615" started-at="2016-03-21T16:05:59Z" description="Verify that user can report a issue" finished-at="2016-03-21T16:06:15Z">
          <reporter-output>
          </reporter-output>
        </test-method> <!-- TC05 -->
      </class> <!-- com.vsii.tsc.guru.testcase.ComposeISMS -->
    </test> <!-- Default test -->
  </suite> <!-- Default suite -->
</testng-results>
